[0m[[0mdebug[0m] [0mForking tests - parallelism = false[0m
[0m[[0mdebug[0m] [0mCreate a single-thread test executor[0m
[0m[[0mdebug[0m] [0mRunner for sbt.FrameworkWrapper produced 0 initial tasks for 0 tests.[0m
[0m[[0mdebug[0m] [0mRunner for org.scalatest.tools.Framework produced 1 initial tasks for 1 tests.[0m
[0m[[0mdebug[0m] [0m  Running TaskDef(funsets.FunSetSuite, sbt.ForkMain$SubclassFingerscan@1edd7d0b, false, [SuiteSelector])[0m
[0m[[0minfo[0m] [0m[32mFunSetSuite:[0m[0m
[0m[[0minfo[0m] [0m[32m- contains is implemented[0m[0m
[0m[[0minfo[0m] [0m[31m- singletonSet(1) contains 1 *** FAILED ***[0m[0m
[0m[[0minfo[0m] [0m[31m  scala.NotImplementedError: an implementation is missing[0m[0m
[0m[[0minfo[0m] [0m[31m  at scala.Predef$.$qmark$qmark$qmark(Predef.scala:225)[0m[0m
[0m[[0minfo[0m] [0m[31m  at funsets.FunSets$.singletonSet(FunSets.scala:23)[0m[0m
[0m[[0minfo[0m] [0m[31m  at funsets.FunSetSuite$TestSets$class.$init$(FunSetSuite.scala:77)[0m[0m
[0m[[0minfo[0m] [0m[31m  at funsets.FunSetSuite$$anonfun$3$$anon$1.<init>(FunSetSuite.scala:95)[0m[0m
[0m[[0minfo[0m] [0m[31m  at funsets.FunSetSuite$$anonfun$3.apply(FunSetSuite.scala:95)[0m[0m
[0m[[0minfo[0m] [0m[31m  at funsets.FunSetSuite$$anonfun$3.apply(FunSetSuite.scala:95)[0m[0m
[0m[[0minfo[0m] [0m[31m  at org.scalatest.Transformer$$anonfun$apply$1.apply$mcV$sp(Transformer.scala:22)[0m[0m
[0m[[0minfo[0m] [0m[31m  at org.scalatest.OutcomeOf$class.outcomeOf(OutcomeOf.scala:85)[0m[0m
[0m[[0minfo[0m] [0m[31m  at org.scalatest.OutcomeOf$.outcomeOf(OutcomeOf.scala:104)[0m[0m
[0m[[0minfo[0m] [0m[31m  at org.scalatest.Transformer.apply(Transformer.scala:22)[0m[0m
[0m[[0minfo[0m] [0m[31m  ...[0m[0m
[0m[[0minfo[0m] [0m[31m- union contains all elements of each set *** FAILED ***[0m[0m
[0m[[0minfo[0m] [0m[31m  scala.NotImplementedError: an implementation is missing[0m[0m
[0m[[0minfo[0m] [0m[31m  at scala.Predef$.$qmark$qmark$qmark(Predef.scala:225)[0m[0m
[0m[[0minfo[0m] [0m[31m  at funsets.FunSets$.singletonSet(FunSets.scala:23)[0m[0m
[0m[[0minfo[0m] [0m[31m  at funsets.FunSetSuite$TestSets$class.$init$(FunSetSuite.scala:77)[0m[0m
[0m[[0minfo[0m] [0m[31m  at funsets.FunSetSuite$$anonfun$4$$anon$2.<init>(FunSetSuite.scala:105)[0m[0m
[0m[[0minfo[0m] [0m[31m  at funsets.FunSetSuite$$anonfun$4.apply(FunSetSuite.scala:105)[0m[0m
[0m[[0minfo[0m] [0m[31m  at funsets.FunSetSuite$$anonfun$4.apply(FunSetSuite.scala:105)[0m[0m
[0m[[0minfo[0m] [0m[31m  at org.scalatest.Transformer$$anonfun$apply$1.apply$mcV$sp(Transformer.scala:22)[0m[0m
[0m[[0minfo[0m] [0m[31m  at org.scalatest.OutcomeOf$class.outcomeOf(OutcomeOf.scala:85)[0m[0m
[0m[[0minfo[0m] [0m[31m  at org.scalatest.OutcomeOf$.outcomeOf(OutcomeOf.scala:104)[0m[0m
[0m[[0minfo[0m] [0m[31m  at org.scalatest.Transformer.apply(Transformer.scala:22)[0m[0m
[0m[[0minfo[0m] [0m[31m  ...[0m[0m
[0m[[0mdebug[0m] [0m    Produced 0 nested tasks and 3 events.[0m
[0m[[0mdebug[0m] [0mSummary for ScalaCheck not available.[0m
[0m[[0minfo[0m] [0mScalaTest[0m
[0m[[0minfo[0m] [0m[36mRun completed in 1 second, 181 milliseconds.[0m[0m
[0m[[0minfo[0m] [0m[36mTotal number of tests run: 3[0m[0m
[0m[[0minfo[0m] [0m[36mSuites: completed 1, aborted 0[0m[0m
[0m[[0minfo[0m] [0m[36mTests: succeeded 1, failed 2, canceled 0, ignored 0, pending 0[0m[0m
[0m[[0minfo[0m] [0m[31m*** 2 TESTS FAILED ***[0m[0m
[0m[[31merror[0m] [0mFailed: Total 3, Failed 2, Errors 0, Passed 1[0m
[0m[[31merror[0m] [0mFailed tests:[0m
[0m[[31merror[0m] [0m	funsets.FunSetSuite[0m
[0m[[31merror[0m] [0m(assignment/test:[31mtest[0m) sbt.TestsFailedException: Tests unsuccessful[0m
